1669648538769	geckodriver	INFO	Listening on 127.0.0.1:57383
1669648541801	mozrunner::runner	INFO	Running command: "C:\\Program Files\\Mozilla Firefox\\firefox.exe" "--marionette" "-no-remote" "-profile" "C:\\Users\\vlgu\\AppData\\Local\\Temp\\rust_mozprofilegSCQz3"
1669648542345	Marionette	INFO	Marionette enabled
1669648542353	Marionette	INFO	Listening on port 57395
Read port: 57395
1669648542502	RemoteAgent	WARN	TLS certificate errors will be ignored for this session
console.warn: SearchSettings: "get: No settings file exists, new profile?" (new NotFoundError("Could not open the file at C:\\Users\\vlgu\\AppData\\Local\\Temp\\rust_mozprofilegSCQz3\\search.json.mozlz4", (void 0)))
1669648551505	Marionette	WARN	Ignoring event 'pageshow' because document has an invalid readyState of 'uninitialized'.
1669651563557	addons.xpi	ERROR	System addon update list error Error: Failed downloading XML, status: 0, reason: error
1669669405950	Marionette	INFO	Stopped listening on port 57395
9652620179	mozrunner::runner	INFO	Running command: "C:\\Program Files\\Mozilla Firefox\\firefox.exe" "--marionette" "-no-remote" "-profile" "C:\\Users\\vlgu\\AppData\\Local\\Temp\\rust_mozprofileaTQGzy"
1669652620645	Marionette	INFO	Marionette enabled
1669652620652	Marionette	INFO	Listening on port 49542
Read port: 49542
1669652620785	RemoteAgent	WARN	TLS certificate errors will be ignored for this session
console.warn: SearchSettings: "get: No settings file exists, new profile?" (new NotFoundError("Could not open the file at C:\\Users\\vlgu\\AppData\\Local\\Temp\\rust_mozprofileaTQGzy\\search.json.mozlz4", (void 0)))
1669654555315	geckodriver	INFO	Listening on 127.0.0.1:49909
1669654558326	mozrunner::runner	INFO	Running command: "C:\\Program Files\\Mozilla Firefox\\firefox.exe" "--marionette" "-no-remote" "-profile" "C:\\Users\\vlgu\\AppData\\Local\\Temp\\rust_mozprofilekr9o08"
1669654558834	Marionette	INFO	Marionette enabled
1669654558844	Marionette	INFO	Listening on port 49921
Read port: 49921
1669654559001	RemoteAgent	WARN	TLS certificate errors will be ignored for this session
console.warn: SearchSettings: "get: No settings file exists, new profile?" (new NotFoundError("Could not open the file at C:\\Users\\vlgu\\AppData\\Local\\Temp\\rust_mozprofilekr9o08\\search.json.mozlz4", (void 0)))
1669654577864	Marionette	INFO	Stopped listening on port 49921
1669654623678	geckodriver	INFO	Listening on 127.0.0.1:49964
1669654626749	mozrunner::runner	INFO	Running command: "C:\\Program Files\\Mozilla Firefox\\firefox.exe" "--marionette" "-no-remote" "-profile" "C:\\Users\\vlgu\\AppData\\Local\\Temp\\rust_mozprofilenD47et"
1669654627248	Marionette	INFO	Marionette enabled
1669654627256	Marionette	INFO	Listening on port 49976
Read port: 49976
1669654627433	RemoteAgent	WARN	TLS certificate errors will be ignored for this session
console.warn: SearchSettings: "get: No settings file exists, new profile?" (new NotFoundError("Could not open the file at C:\\Users\\vlgu\\AppData\\Local\\Temp\\rust_mozprofilenD47et\\search.json.mozlz4", (void 0)))
1669654633288	Marionette	INFO	Stopped listening on port 49976
